[22-Nov-2023 11:23:03 UTC] PHP Warning:  require_once(environment.php): failed to open stream: No such file or directory in C:\Program Files\Ampps\www\playtimeAPI\api\connect.php on line 4
[22-Nov-2023 11:23:03 UTC] PHP Fatal error:  require_once(): Failed opening required 'environment.php' (include_path='.;C:\php\pear') in C:\Program Files\Ampps\www\playtimeAPI\api\connect.php on line 4
[22-Nov-2023 11:23:14 UTC] PHP Warning:  Use of undefined constant DB_HOST - assumed 'DB_HOST' (this will throw an Error in a future version of PHP) in C:\Program Files\Ampps\www\playtimeAPI\api\connect.php on line 9
[22-Nov-2023 11:23:14 UTC] PHP Warning:  Use of undefined constant DB_USER - assumed 'DB_USER' (this will throw an Error in a future version of PHP) in C:\Program Files\Ampps\www\playtimeAPI\api\connect.php on line 9
[22-Nov-2023 11:23:14 UTC] PHP Warning:  Use of undefined constant DB_PASS - assumed 'DB_PASS' (this will throw an Error in a future version of PHP) in C:\Program Files\Ampps\www\playtimeAPI\api\connect.php on line 9
[22-Nov-2023 11:23:14 UTC] PHP Warning:  Use of undefined constant DB_NAME - assumed 'DB_NAME' (this will throw an Error in a future version of PHP) in C:\Program Files\Ampps\www\playtimeAPI\api\connect.php on line 9
[22-Nov-2023 11:23:16 UTC] PHP Warning:  mysqli_connect(): php_network_getaddresses: getaddrinfo failed: No such host is known.  in C:\Program Files\Ampps\www\playtimeAPI\api\connect.php on line 9
[22-Nov-2023 11:23:16 UTC] PHP Warning:  mysqli_connect(): (HY000/2002): php_network_getaddresses: getaddrinfo failed: No such host is known.  in C:\Program Files\Ampps\www\playtimeAPI\api\connect.php on line 9
[22-Nov-2023 11:24:23 UTC] PHP Notice:  Undefined variable: db_data in C:\Program Files\Ampps\www\playtimeAPI\api\connect.php on line 9
[22-Nov-2023 11:24:23 UTC] PHP Notice:  Trying to access array offset on value of type null in C:\Program Files\Ampps\www\playtimeAPI\api\connect.php on line 9
[22-Nov-2023 11:24:23 UTC] PHP Notice:  Undefined variable: db_data in C:\Program Files\Ampps\www\playtimeAPI\api\connect.php on line 9
[22-Nov-2023 11:24:23 UTC] PHP Notice:  Trying to access array offset on value of type null in C:\Program Files\Ampps\www\playtimeAPI\api\connect.php on line 9
[22-Nov-2023 11:24:23 UTC] PHP Notice:  Undefined variable: db_data in C:\Program Files\Ampps\www\playtimeAPI\api\connect.php on line 9
[22-Nov-2023 11:24:23 UTC] PHP Notice:  Trying to access array offset on value of type null in C:\Program Files\Ampps\www\playtimeAPI\api\connect.php on line 9
[22-Nov-2023 11:24:23 UTC] PHP Notice:  Undefined variable: db_data in C:\Program Files\Ampps\www\playtimeAPI\api\connect.php on line 9
[22-Nov-2023 11:24:23 UTC] PHP Notice:  Trying to access array offset on value of type null in C:\Program Files\Ampps\www\playtimeAPI\api\connect.php on line 9
[22-Nov-2023 11:24:23 UTC] PHP Warning:  mysqli_connect(): (HY000/1045): Access denied for user ''@'localhost' (using password: NO) in C:\Program Files\Ampps\www\playtimeAPI\api\connect.php on line 9
[22-Nov-2023 11:24:55 UTC] PHP Notice:  Undefined variable: db_data in C:\Program Files\Ampps\www\playtimeAPI\api\connect.php on line 9
[22-Nov-2023 11:24:55 UTC] PHP Notice:  Trying to access array offset on value of type null in C:\Program Files\Ampps\www\playtimeAPI\api\connect.php on line 9
[22-Nov-2023 11:24:55 UTC] PHP Notice:  Undefined variable: db_data in C:\Program Files\Ampps\www\playtimeAPI\api\connect.php on line 9
[22-Nov-2023 11:24:55 UTC] PHP Notice:  Trying to access array offset on value of type null in C:\Program Files\Ampps\www\playtimeAPI\api\connect.php on line 9
[22-Nov-2023 11:24:55 UTC] PHP Notice:  Undefined variable: db_data in C:\Program Files\Ampps\www\playtimeAPI\api\connect.php on line 9
[22-Nov-2023 11:24:55 UTC] PHP Notice:  Trying to access array offset on value of type null in C:\Program Files\Ampps\www\playtimeAPI\api\connect.php on line 9
[22-Nov-2023 11:24:55 UTC] PHP Notice:  Undefined variable: db_data in C:\Program Files\Ampps\www\playtimeAPI\api\connect.php on line 9
[22-Nov-2023 11:24:55 UTC] PHP Notice:  Trying to access array offset on value of type null in C:\Program Files\Ampps\www\playtimeAPI\api\connect.php on line 9
[22-Nov-2023 11:24:55 UTC] PHP Warning:  mysqli_connect(): (HY000/1045): Access denied for user ''@'localhost' (using password: NO) in C:\Program Files\Ampps\www\playtimeAPI\api\connect.php on line 9
[22-Nov-2023 11:24:56 UTC] PHP Notice:  Undefined variable: db_data in C:\Program Files\Ampps\www\playtimeAPI\api\connect.php on line 9
[22-Nov-2023 11:24:56 UTC] PHP Notice:  Trying to access array offset on value of type null in C:\Program Files\Ampps\www\playtimeAPI\api\connect.php on line 9
[22-Nov-2023 11:24:56 UTC] PHP Notice:  Undefined variable: db_data in C:\Program Files\Ampps\www\playtimeAPI\api\connect.php on line 9
[22-Nov-2023 11:24:56 UTC] PHP Notice:  Trying to access array offset on value of type null in C:\Program Files\Ampps\www\playtimeAPI\api\connect.php on line 9
[22-Nov-2023 11:24:56 UTC] PHP Notice:  Undefined variable: db_data in C:\Program Files\Ampps\www\playtimeAPI\api\connect.php on line 9
[22-Nov-2023 11:24:56 UTC] PHP Notice:  Trying to access array offset on value of type null in C:\Program Files\Ampps\www\playtimeAPI\api\connect.php on line 9
[22-Nov-2023 11:24:56 UTC] PHP Notice:  Undefined variable: db_data in C:\Program Files\Ampps\www\playtimeAPI\api\connect.php on line 9
[22-Nov-2023 11:24:56 UTC] PHP Notice:  Trying to access array offset on value of type null in C:\Program Files\Ampps\www\playtimeAPI\api\connect.php on line 9
[22-Nov-2023 11:24:56 UTC] PHP Warning:  mysqli_connect(): (HY000/1045): Access denied for user ''@'localhost' (using password: NO) in C:\Program Files\Ampps\www\playtimeAPI\api\connect.php on line 9
[22-Nov-2023 11:24:56 UTC] PHP Notice:  Undefined variable: db_data in C:\Program Files\Ampps\www\playtimeAPI\api\connect.php on line 9
[22-Nov-2023 11:24:56 UTC] PHP Notice:  Trying to access array offset on value of type null in C:\Program Files\Ampps\www\playtimeAPI\api\connect.php on line 9
[22-Nov-2023 11:24:56 UTC] PHP Notice:  Undefined variable: db_data in C:\Program Files\Ampps\www\playtimeAPI\api\connect.php on line 9
[22-Nov-2023 11:24:56 UTC] PHP Notice:  Trying to access array offset on value of type null in C:\Program Files\Ampps\www\playtimeAPI\api\connect.php on line 9
[22-Nov-2023 11:24:56 UTC] PHP Notice:  Undefined variable: db_data in C:\Program Files\Ampps\www\playtimeAPI\api\connect.php on line 9
[22-Nov-2023 11:24:56 UTC] PHP Notice:  Trying to access array offset on value of type null in C:\Program Files\Ampps\www\playtimeAPI\api\connect.php on line 9
[22-Nov-2023 11:24:56 UTC] PHP Notice:  Undefined variable: db_data in C:\Program Files\Ampps\www\playtimeAPI\api\connect.php on line 9
[22-Nov-2023 11:24:56 UTC] PHP Notice:  Trying to access array offset on value of type null in C:\Program Files\Ampps\www\playtimeAPI\api\connect.php on line 9
[22-Nov-2023 11:24:56 UTC] PHP Warning:  mysqli_connect(): (HY000/1045): Access denied for user ''@'localhost' (using password: NO) in C:\Program Files\Ampps\www\playtimeAPI\api\connect.php on line 9
[22-Nov-2023 11:24:56 UTC] PHP Notice:  Undefined variable: db_data in C:\Program Files\Ampps\www\playtimeAPI\api\connect.php on line 9
[22-Nov-2023 11:24:56 UTC] PHP Notice:  Trying to access array offset on value of type null in C:\Program Files\Ampps\www\playtimeAPI\api\connect.php on line 9
[22-Nov-2023 11:24:56 UTC] PHP Notice:  Undefined variable: db_data in C:\Program Files\Ampps\www\playtimeAPI\api\connect.php on line 9
[22-Nov-2023 11:24:56 UTC] PHP Notice:  Trying to access array offset on value of type null in C:\Program Files\Ampps\www\playtimeAPI\api\connect.php on line 9
[22-Nov-2023 11:24:56 UTC] PHP Notice:  Undefined variable: db_data in C:\Program Files\Ampps\www\playtimeAPI\api\connect.php on line 9
[22-Nov-2023 11:24:56 UTC] PHP Notice:  Trying to access array offset on value of type null in C:\Program Files\Ampps\www\playtimeAPI\api\connect.php on line 9
[22-Nov-2023 11:24:56 UTC] PHP Notice:  Undefined variable: db_data in C:\Program Files\Ampps\www\playtimeAPI\api\connect.php on line 9
[22-Nov-2023 11:24:56 UTC] PHP Notice:  Trying to access array offset on value of type null in C:\Program Files\Ampps\www\playtimeAPI\api\connect.php on line 9
[22-Nov-2023 11:24:56 UTC] PHP Warning:  mysqli_connect(): (HY000/1045): Access denied for user ''@'localhost' (using password: NO) in C:\Program Files\Ampps\www\playtimeAPI\api\connect.php on line 9
[22-Nov-2023 11:24:56 UTC] PHP Notice:  Undefined variable: db_data in C:\Program Files\Ampps\www\playtimeAPI\api\connect.php on line 9
[22-Nov-2023 11:24:56 UTC] PHP Notice:  Trying to access array offset on value of type null in C:\Program Files\Ampps\www\playtimeAPI\api\connect.php on line 9
[22-Nov-2023 11:24:56 UTC] PHP Notice:  Undefined variable: db_data in C:\Program Files\Ampps\www\playtimeAPI\api\connect.php on line 9
[22-Nov-2023 11:24:56 UTC] PHP Notice:  Trying to access array offset on value of type null in C:\Program Files\Ampps\www\playtimeAPI\api\connect.php on line 9
[22-Nov-2023 11:24:56 UTC] PHP Notice:  Undefined variable: db_data in C:\Program Files\Ampps\www\playtimeAPI\api\connect.php on line 9
[22-Nov-2023 11:24:56 UTC] PHP Notice:  Trying to access array offset on value of type null in C:\Program Files\Ampps\www\playtimeAPI\api\connect.php on line 9
[22-Nov-2023 11:24:56 UTC] PHP Notice:  Undefined variable: db_data in C:\Program Files\Ampps\www\playtimeAPI\api\connect.php on line 9
[22-Nov-2023 11:24:56 UTC] PHP Notice:  Trying to access array offset on value of type null in C:\Program Files\Ampps\www\playtimeAPI\api\connect.php on line 9
[22-Nov-2023 11:24:56 UTC] PHP Warning:  mysqli_connect(): (HY000/1045): Access denied for user ''@'localhost' (using password: NO) in C:\Program Files\Ampps\www\playtimeAPI\api\connect.php on line 9
[22-Nov-2023 11:24:56 UTC] PHP Notice:  Undefined variable: db_data in C:\Program Files\Ampps\www\playtimeAPI\api\connect.php on line 9
[22-Nov-2023 11:24:56 UTC] PHP Notice:  Trying to access array offset on value of type null in C:\Program Files\Ampps\www\playtimeAPI\api\connect.php on line 9
[22-Nov-2023 11:24:56 UTC] PHP Notice:  Undefined variable: db_data in C:\Program Files\Ampps\www\playtimeAPI\api\connect.php on line 9
[22-Nov-2023 11:24:56 UTC] PHP Notice:  Trying to access array offset on value of type null in C:\Program Files\Ampps\www\playtimeAPI\api\connect.php on line 9
[22-Nov-2023 11:24:56 UTC] PHP Notice:  Undefined variable: db_data in C:\Program Files\Ampps\www\playtimeAPI\api\connect.php on line 9
[22-Nov-2023 11:24:56 UTC] PHP Notice:  Trying to access array offset on value of type null in C:\Program Files\Ampps\www\playtimeAPI\api\connect.php on line 9
[22-Nov-2023 11:24:56 UTC] PHP Notice:  Undefined variable: db_data in C:\Program Files\Ampps\www\playtimeAPI\api\connect.php on line 9
[22-Nov-2023 11:24:56 UTC] PHP Notice:  Trying to access array offset on value of type null in C:\Program Files\Ampps\www\playtimeAPI\api\connect.php on line 9
[22-Nov-2023 11:24:56 UTC] PHP Warning:  mysqli_connect(): (HY000/1045): Access denied for user ''@'localhost' (using password: NO) in C:\Program Files\Ampps\www\playtimeAPI\api\connect.php on line 9
